<?xml version="1.0" encoding="UTF-8"?>
<!-- Generated by org.testng.reporters.JUnitXMLReporter -->
<testsuite hostname="LIN59017991" ignored="0" name="Default test" tests="3" failures="0" timestamp="25 Nov 2021 13:34:45 GMT" time="22.7" errors="0">
  <testcase name="validateGuru99LogoTest" time="0.137" classname="com.inetBanking.testCases.LoginPageTest"/>
  <testcase name="validateTitleTest" time="0.0" classname="com.inetBanking.testCases.LoginPageTest"/>
  <testcase name="loginTest" time="1.289" classname="com.inetBanking.testCases.LoginPageTest"/>
</testsuite> <!-- Default test -->
