<?xml version="1.0" encoding="UTF-8"?>
<!-- Generated by org.testng.reporters.JUnitXMLReporter -->
<testsuite hostname="LIN59017991" ignored="0" name="BankingApp Test" tests="3" failures="0" timestamp="2021-12-01T17:29:52 IST" time="28.715" errors="0">
  <testcase name="validateGuru99LogoTest" time="0.152" classname="com.inetBanking.testCases.LoginPageTest"/>
  <testcase name="validateTitleTest" time="0.0" classname="com.inetBanking.testCases.LoginPageTest"/>
  <testcase name="loginTest" time="1.314" classname="com.inetBanking.testCases.LoginPageTest"/>
</testsuite> <!-- BankingApp Test -->
